2017-08-08 09:07:00:185 - info: [Appium] Welcome to Appium v1.6.5
2017-08-08 09:07:00:187 - info: [Appium] Non-default server args:
2017-08-08 09:07:00:188 - info: [Appium]   address: 127.0.0.1
2017-08-08 09:07:00:188 - info: [Appium]   log: D:\workspace\AppiumTest\log\main1502183214157.log
2017-08-08 09:07:00:188 - info: [Appium]   defaultCapabilities: {
2017-08-08 09:07:00:189 - info: [Appium]     deviceName: NFNNP78T99999999
2017-08-08 09:07:00:189 - info: [Appium]   }
2017-08-08 09:07:00:189 - info: [Appium] Default capabilities, which will be added to each request unless overridden by desired capabilities:
2017-08-08 09:07:00:191 - info: [Appium]   deviceName: 'NFNNP78T99999999'
2017-08-08 09:07:00:248 - info: [Appium] Appium REST http interface listener started on 127.0.0.1:4723
2017-08-08 09:07:00:566 - info: [HTTP] --> GET /wd/hub/status {}
2017-08-08 09:07:00:568 - info: [debug] [MJSONWP] Calling AppiumDriver.getStatus() with args: []
2017-08-08 09:07:00:665 - info: [debug] [MJSONWP] Responding to client with driver.getStatus() result: {"build":{"version":"1.6.5","revision":null}}
2017-08-08 09:07:00:673 - info: [HTTP] <-- GET /wd/hub/status 200 104 ms - 83 
2017-08-08 09:07:01:315 - info: [HTTP] --> POST /wd/hub/session {"desiredCapabilities":{"app":"D:\\workspace\\AppiumTest\\apps\\play-debug.apk","unicodeKeyboard":true,"platformName":"Android","deviceName":"NFNNP78T99999999"}}
2017-08-08 09:07:01:316 - info: [debug] [MJSONWP] Calling AppiumDriver.createSession() with args: [{"app":"D:\\workspace\\AppiumTest\\apps\\play-debug.apk","unicodeKeyboard":true,"platformName":"Android","deviceName":"NFNNP78T99999999"},null,null]
2017-08-08 09:07:01:316 - info: [debug] [BaseDriver] Event 'newSessionRequested' logged at 1502183221316 (17:07:01 GMT+0800 (中国标准时间))
2017-08-08 09:07:01:318 - info: [Appium] Creating new AndroidDriver (v1.20.0) session
2017-08-08 09:07:01:319 - info: [Appium] Capabilities:
2017-08-08 09:07:01:319 - info: [Appium]   app: 'D:\\workspace\\AppiumTest\\apps\\play-debug.apk'
2017-08-08 09:07:01:319 - info: [Appium]   unicodeKeyboard: true
2017-08-08 09:07:01:319 - info: [Appium]   platformName: 'Android'
2017-08-08 09:07:01:320 - info: [Appium]   deviceName: 'NFNNP78T99999999'
2017-08-08 09:07:01:321 - info: [debug] [AndroidDriver] AndroidDriver version: 1.20.0
2017-08-08 09:07:01:331 - info: [BaseDriver] Session created with session id: 9e9e04d4-9829-472e-9f31-a5efd318cff1
2017-08-08 09:07:01:333 - info: [debug] [AndroidDriver] Getting Java version
2017-08-08 09:07:01:510 - info: [AndroidDriver] Java version is: 1.8.0_131
2017-08-08 09:07:01:514 - info: [ADB] Checking whether adb is present
2017-08-08 09:07:01:518 - info: [ADB] Using adb.exe from D:\Android\AndroidSDK\platform-tools\adb.exe
2017-08-08 09:07:01:518 - info: [AndroidDriver] Retrieving device list
2017-08-08 09:07:01:519 - info: [debug] [ADB] Trying to find a connected android device
2017-08-08 09:07:01:520 - info: [debug] [ADB] Getting connected devices...
2017-08-08 09:07:01:581 - info: [debug] [ADB] 1 device(s) connected
2017-08-08 09:07:01:582 - info: [AndroidDriver] Using device: NFNNP78T99999999
2017-08-08 09:07:01:583 - info: [ADB] Checking whether adb is present
2017-08-08 09:07:01:586 - info: [ADB] Using adb.exe from D:\Android\AndroidSDK\platform-tools\adb.exe
2017-08-08 09:07:01:587 - info: [debug] [ADB] Setting device id to NFNNP78T99999999
2017-08-08 09:07:01:589 - info: [BaseDriver] Using local app 'D:\workspace\AppiumTest\apps\play-debug.apk'
2017-08-08 09:07:01:589 - info: [debug] [AndroidDriver] Checking whether app is actually present
2017-08-08 09:07:01:591 - info: [AndroidDriver] Starting Android session
2017-08-08 09:07:01:596 - info: [debug] [ADB] Running 'D:\Android\AndroidSDK\platform-tools\adb.exe' with args: ["-P",5037,"-s","NFNNP78T99999999","wait-for-device"]
2017-08-08 09:07:01:662 - info: [debug] [ADB] Getting connected devices...
2017-08-08 09:07:01:713 - info: [debug] [ADB] 1 device(s) connected
2017-08-08 09:07:01:713 - info: [debug] [ADB] Running 'D:\Android\AndroidSDK\platform-tools\adb.exe' with args: ["-P",5037,"-s","NFNNP78T99999999","shell","echo","ping"]
2017-08-08 09:07:01:782 - info: [debug] [Logcat] Starting logcat capture
2017-08-08 09:07:01:836 - info: [debug] [AndroidDriver] Enabling Unicode keyboard support
2017-08-08 09:07:01:836 - info: [debug] [AndroidDriver] Pushing unicode ime to device...
2017-08-08 09:07:01:837 - info: [debug] [ADB] Running 'D:\Android\AndroidSDK\platform-tools\adb.exe' with args: ["-P",5037,"-s","NFNNP78T99999999","install","D:\\nodejs\\node_modules\\appium\\node_modules\\appium-android-ime\\bin\\UnicodeIME-debug.apk"]
