2017-08-08 09:09:02:526 - info: [Appium] Welcome to Appium v1.6.5
2017-08-08 09:09:02:529 - info: [Appium] Non-default server args:
2017-08-08 09:09:02:530 - info: [Appium]   address: 127.0.0.1
2017-08-08 09:09:02:531 - info: [Appium]   log: D:\workspace\AppiumTest\log\main1502183336589.log
2017-08-08 09:09:02:531 - info: [Appium]   defaultCapabilities: {
2017-08-08 09:09:02:531 - info: [Appium]     deviceName: 127.0.0.1:62001
2017-08-08 09:09:02:531 - info: [Appium]   }
2017-08-08 09:09:02:532 - info: [Appium] Default capabilities, which will be added to each request unless overridden by desired capabilities:
2017-08-08 09:09:02:534 - info: [Appium]   deviceName: '127.0.0.1:62001'
2017-08-08 09:09:02:586 - info: [Appium] Appium REST http interface listener started on 127.0.0.1:4723
2017-08-08 09:09:03:397 - info: [HTTP] --> GET /wd/hub/status {}
2017-08-08 09:09:03:399 - info: [debug] [MJSONWP] Calling AppiumDriver.getStatus() with args: []
2017-08-08 09:09:03:498 - info: [debug] [MJSONWP] Responding to client with driver.getStatus() result: {"build":{"version":"1.6.5","revision":null}}
2017-08-08 09:09:03:505 - info: [HTTP] <-- GET /wd/hub/status 200 105 ms - 83 
2017-08-08 09:09:04:134 - info: [HTTP] --> POST /wd/hub/session {"desiredCapabilities":{"app":"D:\\workspace\\AppiumTest\\apps\\play-debug.apk","unicodeKeyboard":true,"platformName":"Android","deviceName":"127.0.0.1:62001"}}
2017-08-08 09:09:04:135 - info: [debug] [MJSONWP] Calling AppiumDriver.createSession() with args: [{"app":"D:\\workspace\\AppiumTest\\apps\\play-debug.apk","unicodeKeyboard":true,"platformName":"Android","deviceName":"127.0.0.1:62001"},null,null]
2017-08-08 09:09:04:136 - info: [debug] [BaseDriver] Event 'newSessionRequested' logged at 1502183344135 (17:09:04 GMT+0800 (中国标准时间))
2017-08-08 09:09:04:137 - info: [Appium] Creating new AndroidDriver (v1.20.0) session
2017-08-08 09:09:04:138 - info: [Appium] Capabilities:
2017-08-08 09:09:04:138 - info: [Appium]   app: 'D:\\workspace\\AppiumTest\\apps\\play-debug.apk'
2017-08-08 09:09:04:138 - info: [Appium]   unicodeKeyboard: true
2017-08-08 09:09:04:138 - info: [Appium]   platformName: 'Android'
2017-08-08 09:09:04:138 - info: [Appium]   deviceName: '127.0.0.1:62001'
2017-08-08 09:09:04:140 - info: [debug] [AndroidDriver] AndroidDriver version: 1.20.0
2017-08-08 09:09:04:157 - info: [BaseDriver] Session created with session id: fac746c9-8a41-46e0-8ffb-ee348ef064bd
2017-08-08 09:09:04:159 - info: [debug] [AndroidDriver] Getting Java version
2017-08-08 09:09:04:285 - info: [AndroidDriver] Java version is: 1.8.0_131
2017-08-08 09:09:04:290 - info: [ADB] Checking whether adb is present
2017-08-08 09:09:04:292 - info: [ADB] Using adb.exe from D:\Android\AndroidSDK\platform-tools\adb.exe
2017-08-08 09:09:04:293 - info: [AndroidDriver] Retrieving device list
2017-08-08 09:09:04:293 - info: [debug] [ADB] Trying to find a connected android device
2017-08-08 09:09:04:294 - info: [debug] [ADB] Getting connected devices...
2017-08-08 09:09:04:343 - info: [debug] [ADB] 1 device(s) connected
2017-08-08 09:09:04:344 - info: [AndroidDriver] Using device: NFNNP78T99999999
2017-08-08 09:09:04:345 - info: [ADB] Checking whether adb is present
2017-08-08 09:09:04:348 - info: [ADB] Using adb.exe from D:\Android\AndroidSDK\platform-tools\adb.exe
2017-08-08 09:09:04:348 - info: [debug] [ADB] Setting device id to NFNNP78T99999999
2017-08-08 09:09:04:350 - info: [BaseDriver] Using local app 'D:\workspace\AppiumTest\apps\play-debug.apk'
2017-08-08 09:09:04:350 - info: [debug] [AndroidDriver] Checking whether app is actually present
2017-08-08 09:09:04:352 - info: [AndroidDriver] Starting Android session
2017-08-08 09:09:04:357 - info: [debug] [ADB] Running 'D:\Android\AndroidSDK\platform-tools\adb.exe' with args: ["-P",5037,"-s","NFNNP78T99999999","wait-for-device"]
2017-08-08 09:09:04:415 - info: [debug] [ADB] Getting connected devices...
2017-08-08 09:09:04:472 - info: [debug] [ADB] 1 device(s) connected
2017-08-08 09:09:04:473 - info: [debug] [ADB] Running 'D:\Android\AndroidSDK\platform-tools\adb.exe' with args: ["-P",5037,"-s","NFNNP78T99999999","shell","echo","ping"]
2017-08-08 09:09:04:548 - info: [debug] [Logcat] Starting logcat capture
2017-08-08 09:09:04:600 - info: [debug] [AndroidDriver] Enabling Unicode keyboard support
2017-08-08 09:09:04:600 - info: [debug] [AndroidDriver] Pushing unicode ime to device...
2017-08-08 09:09:04:601 - info: [debug] [ADB] Running 'D:\Android\AndroidSDK\platform-tools\adb.exe' with args: ["-P",5037,"-s","NFNNP78T99999999","install","D:\\nodejs\\node_modules\\appium\\node_modules\\appium-android-ime\\bin\\UnicodeIME-debug.apk"]
